<?xml version="1.0" encoding="UTF-8" standalone="no"?>
<!DOCTYPE log SYSTEM "logger.dtd">
<log>
<record>
  <date>2023-08-11T11:40:26.639-0300</date>
  <logger>HENNAN HEIM FALCAO</logger>
  <level>FINE</level>
  <message>File 122110048-HENNAN HEIM FALCAO.zip was received. It was sent by HENNAN HEIM FALCAO from IP 150.165.42.114 at 11-08-2023 11*40*26</message>
</record>
</log>
<?xml version="1.0" encoding="UTF-8" standalone="no"?>
<!DOCTYPE log SYSTEM "logger.dtd">
<log>
<record>
  <date>2023-08-11T11:58:43.559-0300</date>
  <logger>HENNAN HEIM FALCAO</logger>
  <level>FINE</level>
  <message>File 122110048-HENNAN HEIM FALCAO.zip was received. It was sent by HENNAN HEIM FALCAO from IP 150.165.42.114 at 11-08-2023 11*58*43</message>
</record>
</log>
<?xml version="1.0" encoding="UTF-8" standalone="no"?>
<!DOCTYPE log SYSTEM "logger.dtd">
<log>
<record>
  <date>2023-08-11T13:31:49.840-0300</date>
  <logger>HENNAN HEIM FALCAO</logger>
  <level>FINE</level>
  <message>File 122110048-HENNAN HEIM FALCAO.zip was received. It was sent by HENNAN HEIM FALCAO from IP 192.168.0.5 at 11-08-2023 13*31*49</message>
</record>
</log>
<?xml version="1.0" encoding="UTF-8" standalone="no"?>
<!DOCTYPE log SYSTEM "logger.dtd">
<log>
<record>
  <date>2023-08-11T16:19:06.711-0300</date>
  <logger>HENNAN HEIM FALCAO</logger>
  <level>FINE</level>
  <message>File 122110048-HENNAN HEIM FALCAO.zip was received. It was sent by HENNAN HEIM FALCAO from IP 192.168.0.5 at 11-08-2023 16*19*06</message>
</record>
</log>
<?xml version="1.0" encoding="UTF-8" standalone="no"?>
<!DOCTYPE log SYSTEM "logger.dtd">
<log>
<record>
  <date>2023-08-11T17:24:54.765-0300</date>
  <logger>HENNAN HEIM FALCAO</logger>
  <level>FINE</level>
  <message>File 122110048-HENNAN HEIM FALCAO.zip was received. It was sent by HENNAN HEIM FALCAO from IP 192.168.0.5 at 11-08-2023 17*24*54</message>
</record>
</log>
<?xml version="1.0" encoding="UTF-8" standalone="no"?>
<!DOCTYPE log SYSTEM "logger.dtd">
<log>
<record>
  <date>2023-08-11T17:45:14.502-0300</date>
  <logger>HENNAN HEIM FALCAO</logger>
  <level>FINE</level>
  <message>File 122110048-HENNAN HEIM FALCAO.zip was received. It was sent by HENNAN HEIM FALCAO from IP 192.168.0.5 at 11-08-2023 17*45*14</message>
</record>
