<?xml version="1.0" encoding="UTF-8" standalone="no"?>
<!DOCTYPE log SYSTEM "logger.dtd">
<log>
<record>
  <date>2023-09-17T17:07:20.315-0300</date>
  <logger>HENNAN HEIM FALCAO</logger>
  <level>FINE</level>
  <message>File 122110048-HENNAN HEIM FALCAO.zip was received. It was sent by HENNAN HEIM FALCAO from IP 192.168.0.5 at 17-09-2023 17*07*20</message>
</record>
</log>
<?xml version="1.0" encoding="UTF-8" standalone="no"?>
<!DOCTYPE log SYSTEM "logger.dtd">
<log>
<record>
  <date>2023-09-17T18:14:16.600-0300</date>
  <logger>HENNAN HEIM FALCAO</logger>
  <level>FINE</level>
  <message>File 122110048-HENNAN HEIM FALCAO.zip was received. It was sent by HENNAN HEIM FALCAO from IP 192.168.0.5 at 17-09-2023 18*14*16</message>
</record>
</log>
<?xml version="1.0" encoding="UTF-8" standalone="no"?>
<!DOCTYPE log SYSTEM "logger.dtd">
<log>
<record>
  <date>2023-09-17T18:57:24.790-0300</date>
  <logger>HENNAN HEIM FALCAO</logger>
  <level>FINE</level>
  <message>File 122110048-HENNAN HEIM FALCAO.zip was received. It was sent by HENNAN HEIM FALCAO from IP 192.168.0.5 at 17-09-2023 18*57*24</message>
</record>
