<?xml version="1.0" encoding="UTF-8" standalone="no"?>
<!DOCTYPE log SYSTEM "logger.dtd">
<log>
<record>
  <date>2023-08-18T17:30:37.574-0300</date>
  <logger>HENNAN HEIM FALCAO</logger>
  <level>FINE</level>
  <message>File 122110048-HENNAN HEIM FALCAO.zip was received. It was sent by HENNAN HEIM FALCAO from IP 192.168.0.5 at 18-08-2023 17*30*37</message>
</record>
</log>
<?xml version="1.0" encoding="UTF-8" standalone="no"?>
<!DOCTYPE log SYSTEM "logger.dtd">
<log>
<record>
  <date>2023-08-19T00:44:13.269-0300</date>
  <logger>HENNAN HEIM FALCAO</logger>
  <level>FINE</level>
  <message>File 122110048-HENNAN HEIM FALCAO.zip was received. It was sent by HENNAN HEIM FALCAO from IP 192.168.0.5 at 19-08-2023 00*44*13</message>
</record>
</log>
<?xml version="1.0" encoding="UTF-8" standalone="no"?>
<!DOCTYPE log SYSTEM "logger.dtd">
<log>
<record>
  <date>2023-08-24T21:21:31.246-0300</date>
  <logger>HENNAN HEIM FALCAO</logger>
  <level>FINE</level>
  <message>File 122110048-HENNAN HEIM FALCAO.zip was received. It was sent by HENNAN HEIM FALCAO from IP 192.168.0.5 at 24-08-2023 21*21*31</message>
</record>
</log>
<?xml version="1.0" encoding="UTF-8" standalone="no"?>
<!DOCTYPE log SYSTEM "logger.dtd">
<log>
<record>
  <date>2023-08-24T22:51:41.543-0300</date>
  <logger>HENNAN HEIM FALCAO</logger>
  <level>FINE</level>
  <message>File 122110048-HENNAN HEIM FALCAO.zip was received. It was sent by HENNAN HEIM FALCAO from IP 192.168.0.5 at 24-08-2023 22*51*41</message>
</record>
</log>
<?xml version="1.0" encoding="UTF-8" standalone="no"?>
<!DOCTYPE log SYSTEM "logger.dtd">
<log>
<record>
  <date>2023-08-24T23:17:13.849-0300</date>
  <logger>HENNAN HEIM FALCAO</logger>
  <level>FINE</level>
  <message>File 122110048-HENNAN HEIM FALCAO.zip was received. It was sent by HENNAN HEIM FALCAO from IP 192.168.0.5 at 24-08-2023 23*17*13</message>
</record>
